<?xml version="1.0" encoding="UTF-8"?>
<testng-results ignored="1" total="9" passed="7" failed="1" skipped="0">
  <reporter-output>
  </reporter-output>
  <suite started-at="2022-08-21T10:33:27 IST" name="Loan Dept" finished-at="2022-08-21T10:33:28 IST" duration-ms="1188">
    <groups>
      <group name="Smoke">
        <method signature="CarLoan.CarLoanLogIn()[pri:0, instance:test1Practice.CarLoan@ef9296d]" name="CarLoanLogIn" class="test1Practice.CarLoan"/>
        <method signature="testDemo1.selectItem()[pri:0, instance:testDemo1@5223e5ee]" name="selectItem" class="testDemo1"/>
      </group> <!-- Smoke -->
    </groups>
    <test started-at="2022-08-21T10:33:27 IST" name="car loan" finished-at="2022-08-21T10:33:27 IST" duration-ms="161">
      <class name="testDemo1">
        <test-method signature="selectItem()[pri:0, instance:testDemo1@5223e5ee]" started-at="2022-08-21T10:33:27 IST" name="selectItem" finished-at="2022-08-21T10:33:27 IST" duration-ms="2" status="PASS">
          <reporter-output>
          </reporter-output>
        </test-method> <!-- selectItem -->
      </class> <!-- testDemo1 -->
      <class name="test1Practice.CarLoan">
        <test-method is-config="true" signature="Bfrclass()[pri:0, instance:test1Practice.CarLoan@ef9296d]" started-at="2022-08-21T10:33:27 IST" name="Bfrclass" finished-at="2022-08-21T10:33:27 IST" duration-ms="1" status="PASS">
          <reporter-output>
          </reporter-output>
        </test-method> <!-- Bfrclass -->
        <test-method signature="CarLoanLogIn()[pri:0, instance:test1Practice.CarLoan@ef9296d]" started-at="2022-08-21T10:33:27 IST" name="CarLoanLogIn" finished-at="2022-08-21T10:33:27 IST" duration-ms="11" status="PASS">
          <reporter-output>
          </reporter-output>
        </test-method> <!-- CarLoanLogIn -->
        <test-method signature="CarLoanTypes(java.lang.String)[pri:0, instance:test1Practice.CarLoan@ef9296d]" started-at="2022-08-21T10:33:27 IST" name="CarLoanTypes" finished-at="2022-08-21T10:33:27 IST" duration-ms="5" status="PASS">
          <params>
            <param index="0">
              <value>
                <![CDATA[www.medrine.com]]>
              </value>
            </param>
          </params>
          <reporter-output>
          </reporter-output>
        </test-method> <!-- CarLoanTypes -->
        <test-method signature="UsedCarsLoan()[pri:0, instance:test1Practice.CarLoan@ef9296d]" started-at="2022-08-21T10:33:27 IST" name="UsedCarsLoan" finished-at="2022-08-21T10:33:27 IST" duration-ms="8" status="FAIL">
          <exception class="java.lang.AssertionError">
            <message>
              <![CDATA[expected [true] but found [false]]]>
            </message>
            <full-stacktrace>
              <![CDATA[java.lang.AssertionError: expected [true] but found [false]
at org.testng.Assert.fail(Assert.java:99)
at org.testng.Assert.failNotEquals(Assert.java:1037)
at org.testng.Assert.assertTrue(Assert.java:45)
at org.testng.Assert.assertTrue(Assert.java:55)
at test1Practice.CarLoan.UsedCarsLoan(CarLoan.java:41)
at java.base/jdk.internal.reflect.NativeMethodAccessorImpl.invoke0(Native Method)
at java.base/jdk.internal.reflect.NativeMethodAccessorImpl.invoke(NativeMethodAccessorImpl.java:77)
at java.base/jdk.internal.reflect.DelegatingMethodAccessorImpl.invoke(DelegatingMethodAccessorImpl.java:43)
at java.base/java.lang.reflect.Method.invoke(Method.java:568)
at org.testng.internal.MethodInvocationHelper.invokeMethod(MethodInvocationHelper.java:133)
at org.testng.internal.TestInvoker.invokeMethod(TestInvoker.java:598)
at org.testng.internal.TestInvoker.invokeTestMethod(TestInvoker.java:173)
at org.testng.internal.MethodRunner.runInSequence(MethodRunner.java:46)
at org.testng.internal.TestInvoker$MethodInvocationAgent.invoke(TestInvoker.java:824)
at org.testng.internal.TestInvoker.invokeTestMethods(TestInvoker.java:146)
at org.testng.internal.TestMethodWorker.invokeTestMethods(TestMethodWorker.java:146)
at org.testng.internal.TestMethodWorker.run(TestMethodWorker.java:128)
at java.base/java.util.ArrayList.forEach(ArrayList.java:1511)
at org.testng.TestRunner.privateRun(TestRunner.java:794)
at org.testng.TestRunner.run(TestRunner.java:596)
at org.testng.SuiteRunner.runTest(SuiteRunner.java:377)
at org.testng.SuiteRunner.runSequentially(SuiteRunner.java:371)
at org.testng.SuiteRunner.privateRun(SuiteRunner.java:332)
at org.testng.SuiteRunner.run(SuiteRunner.java:276)
at org.testng.SuiteRunnerWorker.runSuite(SuiteRunnerWorker.java:53)
at org.testng.SuiteRunnerWorker.run(SuiteRunnerWorker.java:96)
at org.testng.TestNG.runSuitesSequentially(TestNG.java:1212)
at org.testng.TestNG.runSuitesLocally(TestNG.java:1134)
at org.testng.TestNG.runSuites(TestNG.java:1063)
at org.testng.TestNG.run(TestNG.java:1031)
at org.testng.remote.AbstractRemoteTestNG.run(AbstractRemoteTestNG.java:115)
at org.testng.remote.RemoteTestNG.initAndRun(RemoteTestNG.java:251)
at org.testng.remote.RemoteTestNG.main(RemoteTestNG.java:77)
]]>
            </full-stacktrace>
          </exception> <!-- java.lang.AssertionError -->
          <reporter-output>
          </reporter-output>
        </test-method> <!-- UsedCarsLoan -->
        <test-method is-config="true" signature="AftrClass()[pri:0, instance:test1Practice.CarLoan@ef9296d]" started-at="2022-08-21T10:33:27 IST" name="AftrClass" finished-at="2022-08-21T10:33:27 IST" duration-ms="2" status="PASS">
          <reporter-output>
          </reporter-output>
        </test-method> <!-- AftrClass -->
      </class> <!-- test1Practice.CarLoan -->
    </test> <!-- car loan -->
    <test started-at="2022-08-21T10:33:28 IST" name="Home loan" finished-at="2022-08-21T10:33:28 IST" duration-ms="63">
      <class name="test1Practice.HomeLoan">
        <test-method is-config="true" signature="BfrSuit()[pri:0, instance:test1Practice.HomeLoan@35ef1869]" started-at="2022-08-21T10:33:27 IST" name="BfrSuit" finished-at="2022-08-21T10:33:27 IST" duration-ms="28" status="PASS">
          <reporter-output>
          </reporter-output>
        </test-method> <!-- BfrSuit -->
        <test-method signature="HomeLoanInterests()[pri:0, instance:test1Practice.HomeLoan@35ef1869]" started-at="2022-08-21T10:33:28 IST" name="HomeLoanInterests" finished-at="2022-08-21T10:33:28 IST" duration-ms="2" status="PASS">
          <reporter-output>
          </reporter-output>
        </test-method> <!-- HomeLoanInterests -->
        <test-method is-config="true" signature="AftrMethd()[pri:0, instance:test1Practice.HomeLoan@35ef1869]" started-at="2022-08-21T10:33:28 IST" name="AftrMethd" finished-at="2022-08-21T10:33:28 IST" duration-ms="1" status="PASS">
          <reporter-output>
          </reporter-output>
        </test-method> <!-- AftrMethd -->
        <test-method signature="HomeLoanLogIn(java.lang.String,java.lang.String)[pri:0, instance:test1Practice.HomeLoan@35ef1869]" started-at="2022-08-21T10:33:28 IST" name="HomeLoanLogIn" data-provider="getData" finished-at="2022-08-21T10:33:28 IST" duration-ms="2" status="PASS">
          <params>
            <param index="0">
              <value>
                <![CDATA[1st Username]]>
              </value>
            </param>
            <param index="1">
              <value>
                <![CDATA[1st Password]]>
              </value>
            </param>
          </params>
          <reporter-output>
          </reporter-output>
        </test-method> <!-- HomeLoanLogIn -->
        <test-method is-config="true" signature="AftrMethd()[pri:0, instance:test1Practice.HomeLoan@35ef1869]" started-at="2022-08-21T10:33:28 IST" name="AftrMethd" finished-at="2022-08-21T10:33:28 IST" duration-ms="2" status="PASS">
          <reporter-output>
          </reporter-output>
        </test-method> <!-- AftrMethd -->
        <test-method signature="HomeLoanLogIn(java.lang.String,java.lang.String)[pri:0, instance:test1Practice.HomeLoan@35ef1869]" started-at="2022-08-21T10:33:28 IST" name="HomeLoanLogIn" data-provider="getData" finished-at="2022-08-21T10:33:28 IST" duration-ms="5" status="PASS">
          <params>
            <param index="0">
              <value>
                <![CDATA[2nd Username]]>
              </value>
            </param>
            <param index="1">
              <value>
                <![CDATA[2nd Password]]>
              </value>
            </param>
          </params>
          <reporter-output>
          </reporter-output>
        </test-method> <!-- HomeLoanLogIn -->
        <test-method is-config="true" signature="AftrMethd()[pri:0, instance:test1Practice.HomeLoan@35ef1869]" started-at="2022-08-21T10:33:28 IST" name="AftrMethd" finished-at="2022-08-21T10:33:28 IST" duration-ms="0" status="PASS">
          <reporter-output>
          </reporter-output>
        </test-method> <!-- AftrMethd -->
        <test-method signature="HomeLoanLogIn(java.lang.String,java.lang.String)[pri:0, instance:test1Practice.HomeLoan@35ef1869]" started-at="2022-08-21T10:33:28 IST" name="HomeLoanLogIn" data-provider="getData" finished-at="2022-08-21T10:33:28 IST" duration-ms="8" status="PASS">
          <params>
            <param index="0">
              <value>
                <![CDATA[3rd Username]]>
              </value>
            </param>
            <param index="1">
              <value>
                <![CDATA[3rd Password]]>
              </value>
            </param>
          </params>
          <reporter-output>
          </reporter-output>
        </test-method> <!-- HomeLoanLogIn -->
        <test-method is-config="true" signature="AftrMethd()[pri:0, instance:test1Practice.HomeLoan@35ef1869]" started-at="2022-08-21T10:33:28 IST" name="AftrMethd" finished-at="2022-08-21T10:33:28 IST" duration-ms="0" status="PASS">
          <reporter-output>
          </reporter-output>
        </test-method> <!-- AftrMethd -->
      </class> <!-- test1Practice.HomeLoan -->
    </test> <!-- Home loan -->
  </suite> <!-- Loan Dept -->
</testng-results>
